<?xml version="1.0" encoding="UTF-8"?>
<!-- Generated by org.testng.reporters.JUnitReportReporter -->
<testsuite hostname="GSOD-DHAYES" name="SeleniumTraining.SeleniumTraining.DropDown" tests="1" failures="0" timestamp="18 Aug 2017 20:21:34 GMT" time="4.461" errors="0">
  <testcase name="dropDown" time="4.461" classname="SeleniumTraining.SeleniumTraining.DropDown"/>
</testsuite> <!-- SeleniumTraining.SeleniumTraining.DropDown -->
