<?xml version="1.0" encoding="UTF-8"?>
<!-- Generated by org.testng.reporters.JUnitReportReporter -->
<testsuite hostname="GSOD-DHAYES" name="SeleniumTraining.SeleniumTraining.selectElements6" tests="1" failures="0" timestamp="21 Aug 2017 19:31:34 GMT" time="2.525" errors="0">
  <testcase name="selectDropDown" time="2.525" classname="SeleniumTraining.SeleniumTraining.selectElements6"/>
</testsuite> <!-- SeleniumTraining.SeleniumTraining.selectElements6 -->
