<?xml version="1.0" encoding="UTF-8"?>
<!-- Generated by org.testng.reporters.JUnitReportReporter -->
<testsuite hostname="GSOD-DHAYES" name="SeleniumTraining.SeleniumTraining.radioButton" tests="1" failures="0" timestamp="17 Aug 2017 20:38:01 GMT" time="5.415" errors="0">
  <testcase name="clickRadioButton" time="5.415" classname="SeleniumTraining.SeleniumTraining.radioButton"/>
</testsuite> <!-- SeleniumTraining.SeleniumTraining.radioButton -->
