<?xml version="1.0" encoding="UTF-8"?>
<!-- Generated by org.testng.reporters.JUnitReportReporter -->
<testsuite hostname="GSOD-DHAYES" name="SeleniumTraining.SeleniumTraining.radioButton7" tests="1" failures="0" timestamp="21 Aug 2017 18:17:29 GMT" time="3.104" errors="0">
  <testcase name="clickRadioButton" time="3.104" classname="SeleniumTraining.SeleniumTraining.radioButton7"/>
</testsuite> <!-- SeleniumTraining.SeleniumTraining.radioButton7 -->
