<?xml version="1.0" encoding="UTF-8"?>
<!-- Generated by org.testng.reporters.JUnitReportReporter -->
<testsuite hostname="GSOD-DHAYES" name="SeleniumTraining.SeleniumTraining.radioButton" tests="1" failures="0" timestamp="18 Aug 2017 19:46:04 GMT" time="2.400" errors="0">
  <testcase name="clickRadioButton" time="2.400" classname="SeleniumTraining.SeleniumTraining.radioButton"/>
</testsuite> <!-- SeleniumTraining.SeleniumTraining.radioButton -->
