<?xml version="1.0" encoding="UTF-8"?>
<!-- Generated by org.testng.reporters.JUnitReportReporter -->
<testsuite hostname="GSOD-DHAYES" name="SeleniumTraining.SeleniumTraining.workingWithTables8" tests="1" failures="0" timestamp="18 Aug 2017 20:27:25 GMT" time="2.546" errors="0">
  <testcase name="tablesExercise" time="2.546" classname="SeleniumTraining.SeleniumTraining.workingWithTables8"/>
</testsuite> <!-- SeleniumTraining.SeleniumTraining.workingWithTables8 -->
