<?xml version="1.0" encoding="UTF-8"?>
<!-- Generated by org.testng.reporters.JUnitReportReporter -->
<testsuite hostname="GSOD-DHAYES" name="SeleniumTraining.SeleniumTraining.workingWithWaits10" tests="3" failures="0" timestamp="22 Aug 2017 12:55:03 GMT" time="19.608" errors="0">
  <testcase name="waitHelloWorldVisible1" time="5.941" classname="SeleniumTraining.SeleniumTraining.workingWithWaits10"/>
  <testcase name="waitHelloWorldPresent3" time="6.898" classname="SeleniumTraining.SeleniumTraining.workingWithWaits10"/>
  <testcase name="waitLoadingBarInvisible2" time="6.769" classname="SeleniumTraining.SeleniumTraining.workingWithWaits10"/>
</testsuite> <!-- SeleniumTraining.SeleniumTraining.workingWithWaits10 -->
