<?xml version="1.0" encoding="UTF-8"?>
<!-- Generated by org.testng.reporters.JUnitReportReporter -->
<testsuite hostname="GSOD-DHAYES" name="SeleniumTraining.SeleniumTraining.assertExercise" tests="2" failures="0" timestamp="17 Aug 2017 20:57:30 GMT" time="8.700" errors="0">
  <testcase name="loginPass" time="4.054" classname="SeleniumTraining.SeleniumTraining.assertExercise"/>
  <testcase name="loginFail" time="4.646" classname="SeleniumTraining.SeleniumTraining.assertExercise"/>
</testsuite> <!-- SeleniumTraining.SeleniumTraining.assertExercise -->
