<?xml version="1.0" encoding="UTF-8"?>
<!-- Generated by org.testng.reporters.JUnitReportReporter -->
<testsuite hostname="GSOD-DHAYES" name="SeleniumTraining.SeleniumTraining.waitExercise1" tests="1" failures="0" timestamp="18 Aug 2017 15:30:56 GMT" time="9.799" errors="0">
  <testcase name="waitHelloWorld" time="9.799" classname="SeleniumTraining.SeleniumTraining.waitExercise1"/>
</testsuite> <!-- SeleniumTraining.SeleniumTraining.waitExercise1 -->
