<?xml version="1.0" encoding="UTF-8"?>
<!-- Generated by org.testng.reporters.JUnitReportReporter -->
<testsuite hostname="GSOD-DHAYES" name="SeleniumTraining.SeleniumTraining.openBrowser" tests="1" failures="0" timestamp="21 Aug 2017 19:36:12 GMT" time="1.147" errors="0">
  <testcase name="browserOpen" time="1.147" classname="SeleniumTraining.SeleniumTraining.openBrowser"/>
</testsuite> <!-- SeleniumTraining.SeleniumTraining.openBrowser -->
