<?xml version="1.0" encoding="UTF-8"?>
<!-- Generated by org.testng.reporters.JUnitReportReporter -->
<testsuite hostname="GSOD-DHAYES" name="SeleniumTraining.SeleniumTraining.assertExercise" tests="2" failures="0" timestamp="18 Aug 2017 12:46:02 GMT" time="9.728" errors="0">
  <testcase name="loginPass" time="3.884" classname="SeleniumTraining.SeleniumTraining.assertExercise"/>
  <testcase name="loginFail" time="5.844" classname="SeleniumTraining.SeleniumTraining.assertExercise"/>
</testsuite> <!-- SeleniumTraining.SeleniumTraining.assertExercise -->
