<?xml version="1.0" encoding="UTF-8"?>
<!-- Generated by org.testng.reporters.JUnitReportReporter -->
<testsuite hostname="GSOD-DHAYES" name="SeleniumTraining.SeleniumTraining.selectElements6" tests="1" failures="0" timestamp="18 Aug 2017 20:23:03 GMT" time="4.145" errors="0">
  <testcase name="selectDropDown" time="4.145" classname="SeleniumTraining.SeleniumTraining.selectElements6"/>
</testsuite> <!-- SeleniumTraining.SeleniumTraining.selectElements6 -->
