<?xml version="1.0" encoding="UTF-8"?>
<!-- Generated by org.testng.reporters.JUnitReportReporter -->
<testsuite hostname="GSOD-DHAYES" name="SeleniumTraining.SeleniumTraining.workingTables" tests="1" failures="0" timestamp="17 Aug 2017 18:37:54 GMT" time="4.260" errors="0">
  <testcase name="tablesExercise" time="4.260" classname="SeleniumTraining.SeleniumTraining.workingTables"/>
</testsuite> <!-- SeleniumTraining.SeleniumTraining.workingTables -->
