<?xml version="1.0" encoding="UTF-8"?>
<!-- Generated by org.testng.reporters.JUnitReportReporter -->
<testsuite hostname="GSOD-DHAYES" name="SeleniumTraining.SeleniumTraining.workingWithAssertions9" tests="2" failures="0" timestamp="22 Aug 2017 12:46:54 GMT" time="3.941" errors="0">
  <testcase name="loginFail2" time="2.083" classname="SeleniumTraining.SeleniumTraining.workingWithAssertions9"/>
  <testcase name="loginPass1" time="1.858" classname="SeleniumTraining.SeleniumTraining.workingWithAssertions9"/>
</testsuite> <!-- SeleniumTraining.SeleniumTraining.workingWithAssertions9 -->
