<?xml version="1.0" encoding="UTF-8"?>
<!-- Generated by org.testng.reporters.JUnitReportReporter -->
<testsuite hostname="GSOD-DHAYES" name="SeleniumTraining.SeleniumTraining.workingWithTables8" tests="1" failures="0" timestamp="22 Aug 2017 12:44:10 GMT" time="2.612" errors="0">
  <testcase name="tablesExercise" time="2.612" classname="SeleniumTraining.SeleniumTraining.workingWithTables8"/>
</testsuite> <!-- SeleniumTraining.SeleniumTraining.workingWithTables8 -->
