<?xml version="1.0" encoding="UTF-8"?>
<!-- Generated by org.testng.reporters.JUnitReportReporter -->
<testsuite hostname="GSOD-DHAYES" name="SeleniumTraining.SeleniumTraining.workingTables" tests="1" failures="0" timestamp="18 Aug 2017 14:55:02 GMT" time="4.371" errors="0">
  <testcase name="tablesExercise" time="4.371" classname="SeleniumTraining.SeleniumTraining.workingTables"/>
</testsuite> <!-- SeleniumTraining.SeleniumTraining.workingTables -->
